<?xml version="1.0" encoding="UTF-8"?>
<testsuite name="HandshakeCalculatorTest" tests="12" skipped="8" failures="0" errors="0" timestamp="2017-08-27T06:07:17" hostname="Lennys-MacBook-Pro-7.local" time="0.008">
  <properties/>
  <testcase name="testReversingASingleActionYieldsTheSameAction" classname="HandshakeCalculatorTest" time="0.0">
    <skipped/>
  </testcase>
  <testcase name="testThatInput1YieldsAWink" classname="HandshakeCalculatorTest" time="0.002"/>
  <testcase name="testReversingNoActionsYieldsNoActions" classname="HandshakeCalculatorTest" time="0.0">
    <skipped/>
  </testcase>
  <testcase name="testThatInput8YieldsAJump" classname="HandshakeCalculatorTest" time="0.0"/>
  <testcase name="testThatInput4YieldsACloseYourEyes" classname="HandshakeCalculatorTest" time="0.001"/>
  <testcase name="testInputThatYieldsAllActions" classname="HandshakeCalculatorTest" time="0.0">
    <skipped/>
  </testcase>
  <testcase name="testThatInput2YieldsADoubleBlink" classname="HandshakeCalculatorTest" time="0.0"/>
  <testcase name="testInputThatYieldsAllActionsReversed" classname="HandshakeCalculatorTest" time="0.0">
    <skipped/>
  </testcase>
  <testcase name="testAnInputThatYieldsTwoReversedActions" classname="HandshakeCalculatorTest" time="0.0">
    <skipped/>
  </testcase>
  <testcase name="testAnInputThatYieldsTwoActions" classname="HandshakeCalculatorTest" time="0.0">
    <skipped/>
  </testcase>
  <testcase name="testThatInputWithLower5BitsNotSetYieldsNoActions" classname="HandshakeCalculatorTest" time="0.0">
    <skipped/>
  </testcase>
  <testcase name="testThatInput0YieldsNoActions" classname="HandshakeCalculatorTest" time="0.0">
    <skipped/>
  </testcase>
  <system-out><![CDATA[]]></system-out>
  <system-err><![CDATA[]]></system-err>
</testsuite>
