<?xml version="1.0" encoding="UTF-8"?>
<testsuite name="AcronymTest" tests="6" skipped="0" failures="0" errors="0" timestamp="2017-08-16T05:03:22" hostname="Lennys-MacBook-Pro-7.local" time="0.026">
  <properties/>
  <testcase name="fromTitleCasedPhrases" classname="AcronymTest" time="0.021"/>
  <testcase name="fromPhrasesWithPunctuationAndSentenceCasing" classname="AcronymTest" time="0.001"/>
  <testcase name="fromOtherPhrasesWithPunctuation" classname="AcronymTest" time="0.001"/>
  <testcase name="fromPhrasesWithNonAcronymAllCapsWord" classname="AcronymTest" time="0.0"/>
  <testcase name="fromOtherTitleCasedPhrases" classname="AcronymTest" time="0.0"/>
  <testcase name="fromPhrasesWithPunctuation" classname="AcronymTest" time="0.002"/>
  <system-out><![CDATA[PNG
Cmos
PHP
GIMP
RoR
FIFO
]]></system-out>
  <system-err><![CDATA[]]></system-err>
</testsuite>
